▶️  Triton Daily Refresh started @ Sat 08/09/2025 19:26:44.99 
 
——— Fetch OHLC data ——— 
Traceback (most recent call last):
  File "C:\Users\akimw\triton\services\fetch_data.py", line 89, in <module>
    main()
    ~~~~^^
  File "C:\Users\akimw\triton\services\fetch_data.py", line 79, in main
    df = fetch_data()
  File "C:\Users\akimw\triton\services\fetch_data.py", line 24, in fetch_data
    print(f"\n\U0001f4e5 Fetching {ticker}...")
    ~~~~~^^^^^^^^^^^^^^^^^^^^^^^^^^^^^^
  File "C:\Python313\Lib\encodings\cp1252.py", line 19, in encode
    return codecs.charmap_encode(input,self.errors,encoding_table)[0]
           ~~~~~~~~~~~~~~~~~~~~~^^^^^^^^^^^^^^^^^^^^^^^^^^^^^^^^^^
UnicodeEncodeError: 'charmap' codec can't encode character '\U0001f4e5' in position 2: character maps to <undefined>
 
——— Fetch fundamentals ——— 
Traceback (most recent call last):
  File "C:\Users\akimw\triton\services\fetch_fundamentals.py", line 14, in <module>
    print(f"\U0001f4e1 Fetching fundamentals for {len(tickers)} tickers...")
    ~~~~~^^^^^^^^^^^^^^^^^^^^^^^^^^^^^^^^^^^^^^^^^^^^^^^^^^^^^^^^^^^
  File "C:\Python313\Lib\encodings\cp1252.py", line 19, in encode
    return codecs.charmap_encode(input,self.errors,encoding_table)[0]
           ~~~~~~~~~~~~~~~~~~~~~^^^^^^^^^^^^^^^^^^^^^^^^^^^^^^^^^^
UnicodeEncodeError: 'charmap' codec can't encode character '\U0001f4e1' in position 0: character maps to <undefined>
 
——— Score stocks ——— 
Traceback (most recent call last):
  File "C:\Users\akimw\triton\services\score_stocks.py", line 8, in <module>
    print("\U0001f4ca Scoring stocks using individual ticker files...")
    ~~~~~^^^^^^^^^^^^^^^^^^^^^^^^^^^^^^^^^^^^^^^^^^^^^^^^^^^^^^
  File "C:\Python313\Lib\encodings\cp1252.py", line 19, in encode
    return codecs.charmap_encode(input,self.errors,encoding_table)[0]
           ~~~~~~~~~~~~~~~~~~~~~^^^^^^^^^^^^^^^^^^^^^^^^^^^^^^^^^^
UnicodeEncodeError: 'charmap' codec can't encode character '\U0001f4ca' in position 0: character maps to <undefined>
 
——— Train models + predictions ——— 
venv\Scripts\python.exe: can't open file 'C:\\Users\\akimw\\triton\\services\\train_models.py': [Errno 2] No such file or directory
 
——— Combine predictions (if used) ——— 
Traceback (most recent call last):
  File "C:\Users\akimw\triton\services\combine_predictions.py", line 18, in <module>
    print(f"\U0001f50d Found {len(prediction_files)} prediction files...")
    ~~~~~^^^^^^^^^^^^^^^^^^^^^^^^^^^^^^^^^^^^^^^^^^^^^^^^^^^^^^^^^
  File "C:\Python313\Lib\encodings\cp1252.py", line 19, in encode
    return codecs.charmap_encode(input,self.errors,encoding_table)[0]
           ~~~~~~~~~~~~~~~~~~~~~^^^^^^^^^^^^^^^^^^^^^^^^^^^^^^^^^^
UnicodeEncodeError: 'charmap' codec can't encode character '\U0001f50d' in position 0: character maps to <undefined>
